[0.000000] (-) TimerEvent: {}
[0.000000] (flatland_viz) JobQueued: {'identifier': 'flatland_viz', 'dependencies': OrderedDict()}
[0.000000] (flatland_viz) JobStarted: {'identifier': 'flatland_viz'}
[0.125000] (-) TimerEvent: {}
[0.234000] (-) TimerEvent: {}
[0.343000] (-) TimerEvent: {}
[0.453000] (-) TimerEvent: {}
[0.562000] (-) TimerEvent: {}
[0.672000] (-) TimerEvent: {}
[0.781000] (-) TimerEvent: {}
[0.890000] (-) TimerEvent: {}
[0.937000] (flatland_viz) JobProgress: {'identifier': 'flatland_viz', 'progress': 'cmake'}
[0.937000] (flatland_viz) Command: {'cmd': ['C:\\Program Files\\CMake\\bin\\cmake.EXE', 'C:\\Users\\PC\\Documents\\Aulas\\5ano\\1semestre\\RI\\flatland\\flatland_viz', '-DCMAKE_EXPORT_COMPILE_COMMANDS=ON', '-G', 'Ninja', '-DCATKIN_INSTALL_INTO_PREFIX_ROOT=0', '-DCMAKE_INSTALL_PREFIX=C:\\Users\\PC\\Documents\\Aulas\\5ano\\1semestre\\RI\\flatland\\flatland_viz\\install\\flatland_viz'], 'cwd': 'C:\\Users\\PC\\Documents\\Aulas\\5ano\\1semestre\\RI\\flatland\\flatland_viz\\build\\flatland_viz', 'env': OrderedDict([('SystemDrive', 'C:'), ('ProgramFiles(x86)', 'C:\\Program Files (x86)'), ('Path', 'C:\\dev\\ros2_humble\\opt\\yaml_cpp_vendor\\bin;C:\\dev\\ros2_humble\\opt\\rviz_ogre_vendor\\bin;C:\\dev\\ros2_humble\\opt\\rviz_assimp_vendor\\bin;C:\\dev\\ros2_humble\\opt\\libcurl_vendor\\bin;C:\\dev\\ros2_humble\\Scripts;C:\\dev\\ros2_humble\\bin;C:\\Python38\\Scripts;C:\\Python38\\;C:\\ProgramData\\QFS\\QF-Test\\qftestpath;C:\\Program Files\\Common Files\\Oracle\\Java\\javapath;C:\\Program Files (x86)\\Common Files\\Oracle\\Java\\javapath;C:\\Windows\\system32;C:\\Windows;C:\\Windows\\System32\\Wbem;C:\\Windows\\System32\\WindowsPowerShell\\v1.0\\;C:\\Windows\\System32\\OpenSSH\\;C:\\Program Files\\Intel\\WiFi\\bin\\;C:\\Program Files\\Common Files\\Intel\\WirelessCommon\\;C:\\Program Files\\Microsoft VS Code\\bin;C:\\Program Files\\NVIDIA Corporation\\NVIDIA NvDLISR;C:\\Program Files (x86)\\NVIDIA Corporation\\PhysX\\Common;C:\\Program Files\\Git\\cmd;C:\\Program Files\\Microchip\\xc8\\v2.31\\bin;C:\\Program Files\\nodejs\\;C:\\ProgramData\\chocolatey\\bin;C:\\Users\\PC\\Documents\\Aulas\\4ano\\1semestre\\SETR\\avrdude-v7.0-rc1-windows-x64;C:\\Users\\PC\\Documents\\Aulas\\4ano\\1semestre\\SETR\\arduino-cli_0.21.1_Windows_64bit;C:\\Program Files\\CMake\\bin;C:\\Program Files\\rti_connext_dds-5.3.1\\bin;C:\\Program Files\\Graphviz\\bin;C:\\Program Files\\OpenSSL-Win64\\bin;C:\\opencv\\x64\\vc15\\bin;C:\\Users\\PC\\AppData\\Local\\Microsoft\\WindowsApps;C:\\Program Files\\JetBrains\\JetBrains Rider 2021.3.3\\bin;C:\\Program Files\\JetBrains\\CLion 2021.3.3\\bin;C:\\Users\\PC\\AppData\\Roaming\\npm;C:\\Program Files\\heroku\\bin;C:\\Program Files\\JetBrains\\IntelliJ IDEA Community Edition 2022.2.2\\bin;'), ('ProgramW6432', 'C:\\Program Files'), ('windir', 'C:\\Windows'), ('ChocolateyInstall', 'C:\\ProgramData\\chocolatey'), ('PROCESSOR_IDENTIFIER', 'Intel64 Family 6 Model 158 Stepping 10, GenuineIntel'), ('CARBON_MEM_DISABLE', '1'), ('TMP', 'C:\\Users\\PC\\AppData\\Local\\Temp'), ('PROCESSOR_ARCHITECTURE', 'AMD64'), ('PATHEXT', '.COM;.EXE;.BAT;.CMD;.VBS;.VBE;.JS;.JSE;.WSF;.WSH;.MSC;.PY;.PYW;.CPL'), ('OPENSSL_CONF', 'C:\\Program Files\\OpenSSL-Win64\\bin\\openssl.cfg'), ('USERDOMAIN_ROAMINGPROFILE', 'DESKTOP-S1BRI82'), ('PROCESSOR_REVISION', '9e0a'), ('ChocolateyLastPathUpdate', '132961487583511216'), ('USERPROFILE', 'C:\\Users\\PC'), ('PKG_CONFIG_PATH', 'C:\\dev\\ros2_humble\\lib\\pkgconfig;'), ('LOGONSERVER', '\\\\DESKTOP-S1BRI82'), ('TEMP', 'C:\\Users\\PC\\AppData\\Local\\Temp'), ('AMENT_PREFIX_PATH', 'C:\\dev\\ros2_humble;'), ('ROS_PYTHON_VERSION', '3'), ('ROS_VERSION', '2'), ('OneDrive', 'C:\\Users\\PC\\OneDrive'), ('LOCALAPPDATA', 'C:\\Users\\PC\\AppData\\Local'), ('CommonProgramFiles', 'C:\\Program Files\\Common Files'), ('ZES_ENABLE_SYSMAN', '1'), ('ProgramData', 'C:\\ProgramData'), ('HOMEPATH', '\\Users\\PC'), ('COLCON', '1'), ('COMPUTERNAME', 'DESKTOP-S1BRI82'), ('ALLUSERSPROFILE', 'C:\\ProgramData'), ('CommonProgramW6432', 'C:\\Program Files\\Common Files'), ('USERNAME', 'PC'), ('ROS_LOCALHOST_ONLY', '0'), ('ROS_DISTRO', 'humble\nJetBrains Rider=C:\\Program Files\\JetBrains\\JetBrains Rider 2021.3.3\\bin;\nIntelliJ IDEA Community Edition=C:\\Program Files\\JetBrains\\IntelliJ IDEA Community Edition 2022.2.2\\bin;'), ('CMAKE_PREFIX_PATH', 'C:\\dev\\ros2_humble;'), ('PYTHONPATH', 'C:\\ci\\ws\\install\\lib\\python3.8\\dist-packages;C:\\dev\\ros2_humble\\Lib\\site-packages;C:\\Python38\\'), ('DriverData', 'C:\\Windows\\System32\\Drivers\\DriverData'), ('HOMEDRIVE', 'C:'), ('SystemRoot', 'C:\\Windows'), ('NUMBER_OF_PROCESSORS', '12'), ('OS', 'Windows_NT'), ('ProgramFiles', 'C:\\Program Files'), ('ComSpec', 'C:\\Windows\\system32\\cmd.exe'), ('QT_QPA_PLATFORM_PLUGIN_PATH', 'C:\\Qt\\Qt5.12.12\\5.12.12\\msvc2017_64\\plugins\\platforms'), ('Qt5_DIR', 'C:\\Qt\\Qt5.12.12\\5.12.12\\msvc2017_64'), ('PSModulePath', 'C:\\Users\\PC\\Documents\\WindowsPowerShell\\Modules;C:\\Program Files\\WindowsPowerShell\\Modules;C:\\Windows\\system32\\WindowsPowerShell\\v1.0\\Modules'), ('APPDATA', 'C:\\Users\\PC\\AppData\\Roaming'), ('USERDOMAIN', 'DESKTOP-S1BRI82'), ('PROCESSOR_LEVEL', '6'), ('OpenCV_DIR', 'C:\\opencv'), ('CLion', 'C:\\Program Files\\JetBrains\\CLion 2021.3.3\\bin;'), ('CommonProgramFiles(x86)', 'C:\\Program Files (x86)\\Common Files'), ('PUBLIC', 'C:\\Users\\Public')]), 'shell': False}
[0.968000] (flatland_viz) StderrLine: {'line': b'CMake Deprecation Warning at CMakeLists.txt:1 (cmake_minimum_required):\n'}
[0.968000] (flatland_viz) StderrLine: {'line': b'  Compatibility with CMake < 2.8.12 will be removed from a future version of\n'}
[0.968000] (flatland_viz) StderrLine: {'line': b'  CMake.\n'}
[0.968000] (flatland_viz) StderrLine: {'line': b'\n'}
[0.968000] (flatland_viz) StderrLine: {'line': b'  Update the VERSION argument <min> value or use a ...<max> suffix to tell\n'}
[0.968000] (flatland_viz) StderrLine: {'line': b'  CMake that the project does not need compatibility with older versions.\n'}
[0.968000] (flatland_viz) StderrLine: {'line': b'\n'}
[0.968000] (flatland_viz) StderrLine: {'line': b'\n'}
[1.015000] (-) TimerEvent: {}
[1.031000] (flatland_viz) StderrLine: {'line': b'CMake Error: CMake was unable to find a build program corresponding to "Ninja".  CMAKE_MAKE_PROGRAM is not set.  You probably need to select a different build tool.\n'}
[1.031000] (flatland_viz) StderrLine: {'line': b'CMake Error: CMAKE_C_COMPILER not set, after EnableLanguage\n'}
[1.031000] (flatland_viz) StderrLine: {'line': b'CMake Error: CMAKE_CXX_COMPILER not set, after EnableLanguage\n'}
[1.031000] (flatland_viz) StdoutLine: {'line': b'-- Configuring incomplete, errors occurred!\n'}
[1.031000] (flatland_viz) StdoutLine: {'line': b'See also "C:/Users/PC/Documents/Aulas/5ano/1semestre/RI/flatland/flatland_viz/build/flatland_viz/CMakeFiles/CMakeOutput.log".\n'}
[1.031000] (flatland_viz) CommandEnded: {'returncode': 1}
[1.109000] (flatland_viz) JobEnded: {'identifier': 'flatland_viz', 'rc': 1}
[1.125000] (-) EventReactorShutdown: {}
