[0.000000] (-) TimerEvent: {}
[0.000000] (flatland_viz) JobQueued: {'identifier': 'flatland_viz', 'dependencies': OrderedDict()}
[0.000000] (flatland_viz) JobStarted: {'identifier': 'flatland_viz'}
[0.031000] (flatland_viz) JobProgress: {'identifier': 'flatland_viz', 'progress': 'cmake'}
[0.031000] (flatland_viz) Command: {'cmd': ['C:\\Program Files\\CMake\\bin\\cmake.EXE', 'C:\\Users\\PC\\Documents\\Aulas\\5ano\\1semestre\\RI\\flatland\\flatland_viz', '-DCMAKE_EXPORT_COMPILE_COMMANDS=ON', '-G', 'Ninja', '-DCATKIN_INSTALL_INTO_PREFIX_ROOT=0', '-DCMAKE_INSTALL_PREFIX=C:\\Users\\PC\\Documents\\Aulas\\5ano\\1semestre\\RI\\flatland\\flatland_viz\\install\\flatland_viz'], 'cwd': 'C:\\Users\\PC\\Documents\\Aulas\\5ano\\1semestre\\RI\\flatland\\flatland_viz\\build\\flatland_viz', 'env': OrderedDict([('ALLUSERSPROFILE', 'C:\\ProgramData'), ('APPDATA', 'C:\\Users\\PC\\AppData\\Roaming'), ('CARBON_MEM_DISABLE', '1'), ('ChocolateyInstall', 'C:\\ProgramData\\chocolatey'), ('ChocolateyLastPathUpdate', '132961487583511216'), ('CLion', 'C:\\Program Files\\JetBrains\\CLion 2021.3.3\\bin;'), ('COLCON', '1'), ('CommonProgramFiles', 'C:\\Program Files\\Common Files'), ('CommonProgramFiles(x86)', 'C:\\Program Files (x86)\\Common Files'), ('CommonProgramW6432', 'C:\\Program Files\\Common Files'), ('COMPUTERNAME', 'DESKTOP-S1BRI82'), ('ComSpec', 'C:\\Windows\\system32\\cmd.exe'), ('DriverData', 'C:\\Windows\\System32\\Drivers\\DriverData'), ('HOMEDRIVE', 'C:'), ('HOMEPATH', '\\Users\\PC\nIntelliJ IDEA Community Edition=C:\\Program Files\\JetBrains\\IntelliJ IDEA Community Edition 2022.2.2\\bin;\nJetBrains Rider=C:\\Program Files\\JetBrains\\JetBrains Rider 2021.3.3\\bin;'), ('LOCALAPPDATA', 'C:\\Users\\PC\\AppData\\Local'), ('LOGONSERVER', '\\\\DESKTOP-S1BRI82'), ('NUMBER_OF_PROCESSORS', '12'), ('OneDrive', 'C:\\Users\\PC\\OneDrive'), ('OpenCV_DIR', 'C:\\opencv'), ('OPENSSL_CONF', 'C:\\Program Files\\OpenSSL-Win64\\bin\\openssl.cfg'), ('OS', 'Windows_NT'), ('Path', 'C:\\Python38\\Scripts;C:\\Python38\\;C:\\ProgramData\\QFS\\QF-Test\\qftestpath;C:\\Program Files\\Common Files\\Oracle\\Java\\javapath;C:\\Program Files (x86)\\Common Files\\Oracle\\Java\\javapath;C:\\Windows\\system32;C:\\Windows;C:\\Windows\\System32\\Wbem;C:\\Windows\\System32\\WindowsPowerShell\\v1.0\\;C:\\Windows\\System32\\OpenSSH\\;C:\\Program Files\\Intel\\WiFi\\bin\\;C:\\Program Files\\Common Files\\Intel\\WirelessCommon\\;C:\\Program Files\\Microsoft VS Code\\bin;C:\\Program Files\\NVIDIA Corporation\\NVIDIA NvDLISR;C:\\Program Files (x86)\\NVIDIA Corporation\\PhysX\\Common;C:\\Program Files\\Git\\cmd;C:\\Program Files\\Microchip\\xc8\\v2.31\\bin;C:\\Program Files\\nodejs\\;C:\\ProgramData\\chocolatey\\bin;C:\\Users\\PC\\Documents\\Aulas\\4ano\\1semestre\\SETR\\avrdude-v7.0-rc1-windows-x64;C:\\Users\\PC\\Documents\\Aulas\\4ano\\1semestre\\SETR\\arduino-cli_0.21.1_Windows_64bit;C:\\Program Files\\CMake\\bin;C:\\Program Files\\rti_connext_dds-5.3.1\\bin;C:\\Program Files\\Graphviz\\bin;C:\\Program Files\\OpenSSL-Win64\\bin;C:\\opencv\\x64\\vc15\\bin;C:\\Ninja;C:\\Users\\PC\\AppData\\Local\\Microsoft\\WindowsApps;C:\\Program Files\\JetBrains\\JetBrains Rider 2021.3.3\\bin;C:\\Program Files\\JetBrains\\CLion 2021.3.3\\bin;C:\\Users\\PC\\AppData\\Roaming\\npm;C:\\Program Files\\heroku\\bin;C:\\Program Files\\JetBrains\\IntelliJ IDEA Community Edition 2022.2.2\\bin;'), ('PATHEXT', '.COM;.EXE;.BAT;.CMD;.VBS;.VBE;.JS;.JSE;.WSF;.WSH;.MSC;.PY;.PYW'), ('PROCESSOR_ARCHITECTURE', 'AMD64'), ('PROCESSOR_IDENTIFIER', 'Intel64 Family 6 Model 158 Stepping 10, GenuineIntel'), ('PROCESSOR_LEVEL', '6'), ('PROCESSOR_REVISION', '9e0a'), ('ProgramData', 'C:\\ProgramData'), ('ProgramFiles', 'C:\\Program Files'), ('ProgramFiles(x86)', 'C:\\Program Files (x86)'), ('ProgramW6432', 'C:\\Program Files'), ('PROMPT', '$P$G'), ('PSModulePath', 'C:\\Program Files\\WindowsPowerShell\\Modules;C:\\Windows\\system32\\WindowsPowerShell\\v1.0\\Modules'), ('PUBLIC', 'C:\\Users\\Public'), ('PYTHONPATH', 'C:\\Python38\\'), ('Qt5_DIR', 'C:\\Qt\\Qt5.12.12\\5.12.12\\msvc2017_64'), ('QT_QPA_PLATFORM_PLUGIN_PATH', 'C:\\Qt\\Qt5.12.12\\5.12.12\\msvc2017_64\\plugins\\platforms'), ('SystemDrive', 'C:'), ('SystemRoot', 'C:\\Windows'), ('TEMP', 'C:\\Users\\PC\\AppData\\Local\\Temp'), ('TMP', 'C:\\Users\\PC\\AppData\\Local\\Temp'), ('USERDOMAIN', 'DESKTOP-S1BRI82'), ('USERDOMAIN_ROAMINGPROFILE', 'DESKTOP-S1BRI82'), ('USERNAME', 'PC'), ('USERPROFILE', 'C:\\Users\\PC'), ('windir', 'C:\\Windows'), ('ZES_ENABLE_SYSMAN', '1')]), 'shell': False}
[0.047000] (flatland_viz) StderrLine: {'line': b'CMake Deprecation Warning at CMakeLists.txt:1 (cmake_minimum_required):\n'}
[0.047000] (flatland_viz) StderrLine: {'line': b'  Compatibility with CMake < 2.8.12 will be removed from a future version of\n'}
[0.047000] (flatland_viz) StderrLine: {'line': b'  CMake.\n'}
[0.047000] (flatland_viz) StderrLine: {'line': b'\n'}
[0.047000] (flatland_viz) StderrLine: {'line': b'  Update the VERSION argument <min> value or use a ...<max> suffix to tell\n'}
[0.047000] (flatland_viz) StderrLine: {'line': b'  CMake that the project does not need compatibility with older versions.\n'}
[0.047000] (flatland_viz) StderrLine: {'line': b'\n'}
[0.047000] (flatland_viz) StderrLine: {'line': b'\n'}
[0.078000] (flatland_viz) StderrLine: {'line': b'CMake Error at CMakeLists.txt:10 (if):\n'}
[0.078000] (flatland_viz) StderrLine: {'line': b'  if given arguments:\n'}
[0.078000] (flatland_viz) StderrLine: {'line': b'\n'}
[0.078000] (flatland_viz) StderrLine: {'line': b'    "STREQUAL" "14.04"\n'}
[0.078000] (flatland_viz) StderrLine: {'line': b'\n'}
[0.078000] (flatland_viz) StderrLine: {'line': b'  Unknown arguments specified\n'}
[0.078000] (flatland_viz) StderrLine: {'line': b'\n'}
[0.078000] (flatland_viz) StderrLine: {'line': b'\n'}
[0.078000] (flatland_viz) StdoutLine: {'line': b'-- Configuring incomplete, errors occurred!\n'}
[0.078000] (flatland_viz) StdoutLine: {'line': b'See also "C:/Users/PC/Documents/Aulas/5ano/1semestre/RI/flatland/flatland_viz/build/flatland_viz/CMakeFiles/CMakeOutput.log".\n'}
[0.094000] (flatland_viz) CommandEnded: {'returncode': 1}
[0.094000] (-) TimerEvent: {}
[0.140000] (flatland_viz) JobEnded: {'identifier': 'flatland_viz', 'rc': 1}
[0.156000] (-) EventReactorShutdown: {}
