[0.125s] Invoking command in 'C:\Users\PC\Documents\Aulas\5ano\1semestre\RI\flatland\flatland_viz\build\flatland_viz': INCLUDE=%INCLUDE%
IntelliJ IDEA Community Edition=C:\Program Files\JetBrains\IntelliJ IDEA Community Edition 2022.2.2\bin;
JetBrains Rider=C:\Program Files\JetBrains\JetBrains Rider 2021.3.3\bin; C:\Program Files\CMake\bin\cmake.EXE C:\Users\PC\Documents\Aulas\5ano\1semestre\RI\flatland\flatland_viz -DCMAKE_EXPORT_COMPILE_COMMANDS=ON -G Ninja -DCATKIN_INSTALL_INTO_PREFIX_ROOT=0 -DCMAKE_INSTALL_PREFIX=C:\Users\PC\Documents\Aulas\5ano\1semestre\RI\flatland\flatland_viz\install\flatland_viz
[0.156s] CMake Deprecation Warning at CMakeLists.txt:1 (cmake_minimum_required):
[0.156s]   Compatibility with CMake < 2.8.12 will be removed from a future version of
[0.156s]   CMake.
[0.156s] 
[0.156s]   Update the VERSION argument <min> value or use a ...<max> suffix to tell
[0.156s]   CMake that the project does not need compatibility with older versions.
[0.156s] 
[0.156s] 
[1.031s] -- The C compiler identification is MSVC 19.29.30147.0
[1.359s] -- The CXX compiler identification is MSVC 19.29.30147.0
[1.515s] -- Detecting C compiler ABI info
[2.421s] -- Detecting C compiler ABI info - done
[2.421s] -- Check for working C compiler: C:/Program Files (x86)/Microsoft Visual Studio/2019/Community/VC/Tools/MSVC/14.29.30133/bin/Hostx86/x64/cl.exe - skipped
[2.421s] -- Detecting C compile features
[2.437s] -- Detecting C compile features - done
[2.468s] -- Detecting CXX compiler ABI info
[2.843s] -- Detecting CXX compiler ABI info - done
[2.843s] -- Check for working CXX compiler: C:/Program Files (x86)/Microsoft Visual Studio/2019/Community/VC/Tools/MSVC/14.29.30133/bin/Hostx86/x64/cl.exe - skipped
[2.843s] -- Detecting CXX compile features
[2.859s] -- Detecting CXX compile features - done
[2.875s] CMake Error at CMakeLists.txt:10 (if):
[2.875s]   if given arguments:
[2.875s] 
[2.875s]     "STREQUAL" "14.04"
[2.875s] 
[2.875s]   Unknown arguments specified
[2.875s] 
[2.875s] 
[2.875s] -- Configuring incomplete, errors occurred!
[2.875s] See also "C:/Users/PC/Documents/Aulas/5ano/1semestre/RI/flatland/flatland_viz/build/flatland_viz/CMakeFiles/CMakeOutput.log".
[2.890s] Invoked command in 'C:\Users\PC\Documents\Aulas\5ano\1semestre\RI\flatland\flatland_viz\build\flatland_viz' returned '1': INCLUDE=%INCLUDE%
IntelliJ IDEA Community Edition=C:\Program Files\JetBrains\IntelliJ IDEA Community Edition 2022.2.2\bin;
JetBrains Rider=C:\Program Files\JetBrains\JetBrains Rider 2021.3.3\bin; C:\Program Files\CMake\bin\cmake.EXE C:\Users\PC\Documents\Aulas\5ano\1semestre\RI\flatland\flatland_viz -DCMAKE_EXPORT_COMPILE_COMMANDS=ON -G Ninja -DCATKIN_INSTALL_INTO_PREFIX_ROOT=0 -DCMAKE_INSTALL_PREFIX=C:\Users\PC\Documents\Aulas\5ano\1semestre\RI\flatland\flatland_viz\install\flatland_viz
