[0.000000] (-) TimerEvent: {}
[0.000000] (flatland_viz) JobQueued: {'identifier': 'flatland_viz', 'dependencies': OrderedDict()}
[0.016000] (flatland_viz) JobStarted: {'identifier': 'flatland_viz'}
[0.109000] (-) TimerEvent: {}
[0.141000] (flatland_viz) JobProgress: {'identifier': 'flatland_viz', 'progress': 'cmake'}
[0.141000] (flatland_viz) Command: {'cmd': ['C:\\Program Files\\CMake\\bin\\cmake.EXE', 'C:\\Users\\PC\\Documents\\Aulas\\5ano\\1semestre\\RI\\flatland\\flatland_viz', '-DCMAKE_EXPORT_COMPILE_COMMANDS=ON', '-G', 'Ninja', '-DCATKIN_INSTALL_INTO_PREFIX_ROOT=0', '-DCMAKE_INSTALL_PREFIX=C:\\Users\\PC\\Documents\\Aulas\\5ano\\1semestre\\RI\\flatland\\flatland_viz\\install\\flatland_viz'], 'cwd': 'C:\\Users\\PC\\Documents\\Aulas\\5ano\\1semestre\\RI\\flatland\\flatland_viz\\build\\flatland_viz', 'env': OrderedDict([('ALLUSERSPROFILE', 'C:\\ProgramData'), ('AMENT_PREFIX_PATH', 'C:\\dev\\ros2_humble'), ('APPDATA', 'C:\\Users\\PC\\AppData\\Roaming'), ('CARBON_MEM_DISABLE', '1'), ('ChocolateyInstall', 'C:\\ProgramData\\chocolatey'), ('ChocolateyLastPathUpdate', '132961487583511216'), ('CLion', 'C:\\Program Files\\JetBrains\\CLion 2021.3.3\\bin;'), ('CMAKE_PREFIX_PATH', 'C:\\dev\\ros2_humble'), ('COLCON', '1'), ('COLCON_PREFIX_PATH', 'C:\\Windows\\System32\\install\\;C:\\dev\\ros2_humble\\'), ('CommandPromptType', 'Cross'), ('CommonProgramFiles', 'C:\\Program Files\\Common Files'), ('CommonProgramFiles(x86)', 'C:\\Program Files (x86)\\Common Files'), ('CommonProgramW6432', 'C:\\Program Files\\Common Files'), ('COMPUTERNAME', 'DESKTOP-S1BRI82'), ('ComSpec', 'C:\\Windows\\system32\\cmd.exe'), ('DevEnvDir', 'C:\\Program Files (x86)\\Microsoft Visual Studio\\2019\\Community\\Common7\\IDE\\'), ('DriverData', 'C:\\Windows\\System32\\Drivers\\DriverData'), ('ExtensionSdkDir', 'C:\\Program Files (x86)\\Microsoft SDKs\\Windows Kits\\10\\ExtensionSDKs'), ('Framework40Version', 'v4.0'), ('FrameworkDir', 'C:\\Windows\\Microsoft.NET\\Framework\\'), ('FrameworkDir32', 'C:\\Windows\\Microsoft.NET\\Framework\\'), ('FrameworkDir64', 'C:\\Windows\\Microsoft.NET\\Framework64\\'), ('FrameworkVersion', 'v4.0.30319'), ('FrameworkVersion32', 'v4.0.30319'), ('FrameworkVersion64', 'v4.0.30319'), ('HOMEDRIVE', 'C:'), ('HOMEPATH', '\\Users\\PC'), ('INCLUDE', 'C:\\Program Files (x86)\\Microsoft Visual Studio\\2019\\Community\\VC\\Tools\\MSVC\\14.29.30133\\ATLMFC\\include;C:\\Program Files (x86)\\Microsoft Visual Studio\\2019\\Community\\VC\\Tools\\MSVC\\14.29.30133\\include;C:\\Program Files (x86)\\Windows Kits\\10\\include\\10.0.19041.0\\ucrt;C:\\Program Files (x86)\\Windows Kits\\10\\include\\10.0.19041.0\\shared;C:\\Program Files (x86)\\Windows Kits\\10\\include\\10.0.19041.0\\um;C:\\Program Files (x86)\\Windows Kits\\10\\include\\10.0.19041.0\\winrt;C:\\Program Files (x86)\\Windows Kits\\10\\include\\10.0.19041.0\\cppwinrt\nIntelliJ IDEA Community Edition=C:\\Program Files\\JetBrains\\IntelliJ IDEA Community Edition 2022.2.2\\bin;\nJetBrains Rider=C:\\Program Files\\JetBrains\\JetBrains Rider 2021.3.3\\bin;'), ('LIB', 'C:\\Program Files (x86)\\Microsoft Visual Studio\\2019\\Community\\VC\\Tools\\MSVC\\14.29.30133\\ATLMFC\\lib\\x64;C:\\Program Files (x86)\\Microsoft Visual Studio\\2019\\Community\\VC\\Tools\\MSVC\\14.29.30133\\lib\\x64;C:\\Program Files (x86)\\Windows Kits\\10\\lib\\10.0.19041.0\\ucrt\\x64;C:\\Program Files (x86)\\Windows Kits\\10\\lib\\10.0.19041.0\\um\\x64'), ('LIBPATH', 'C:\\Program Files (x86)\\Microsoft Visual Studio\\2019\\Community\\VC\\Tools\\MSVC\\14.29.30133\\ATLMFC\\lib\\x64;C:\\Program Files (x86)\\Microsoft Visual Studio\\2019\\Community\\VC\\Tools\\MSVC\\14.29.30133\\lib\\x64;C:\\Program Files (x86)\\Microsoft Visual Studio\\2019\\Community\\VC\\Tools\\MSVC\\14.29.30133\\lib\\x86\\store\\references;C:\\Program Files (x86)\\Windows Kits\\10\\UnionMetadata\\10.0.19041.0;C:\\Program Files (x86)\\Windows Kits\\10\\References\\10.0.19041.0;C:\\Windows\\Microsoft.NET\\Framework\\v4.0.30319'), ('LOCALAPPDATA', 'C:\\Users\\PC\\AppData\\Local'), ('LOGONSERVER', '\\\\DESKTOP-S1BRI82'), ('NUMBER_OF_PROCESSORS', '12'), ('OneDrive', 'C:\\Users\\PC\\OneDrive'), ('OpenCV_DIR', 'C:\\opencv'), ('OPENSSL_CONF', 'C:\\Program Files\\OpenSSL-Win64\\bin\\openssl.cfg'), ('OS', 'Windows_NT'), ('Path', 'C:\\Program Files (x86)\\Microsoft Visual Studio\\2019\\Community\\Common7\\IDE\\\\Extensions\\Microsoft\\IntelliCode\\CLI;C:\\Program Files (x86)\\Microsoft Visual Studio\\2019\\Community\\VC\\Tools\\MSVC\\14.29.30133\\bin\\HostX86\\x64;C:\\Program Files (x86)\\Microsoft Visual Studio\\2019\\Community\\VC\\Tools\\MSVC\\14.29.30133\\bin\\HostX86\\x86;C:\\Program Files (x86)\\Microsoft Visual Studio\\2019\\Community\\Common7\\IDE\\VC\\VCPackages;C:\\Program Files (x86)\\Microsoft Visual Studio\\2019\\Community\\Common7\\IDE\\CommonExtensions\\Microsoft\\TestWindow;C:\\Program Files (x86)\\Microsoft Visual Studio\\2019\\Community\\Common7\\IDE\\CommonExtensions\\Microsoft\\TeamFoundation\\Team Explorer;C:\\Program Files (x86)\\Microsoft Visual Studio\\2019\\Community\\MSBuild\\Current\\bin\\Roslyn;C:\\Program Files (x86)\\Microsoft Visual Studio\\2019\\Community\\Team Tools\\Performance Tools\\x64;C:\\Program Files (x86)\\Microsoft Visual Studio\\2019\\Community\\Team Tools\\Performance Tools;C:\\Program Files (x86)\\Microsoft Visual Studio\\Shared\\Common\\VSPerfCollectionTools\\vs2019\\\\x64;C:\\Program Files (x86)\\Microsoft Visual Studio\\Shared\\Common\\VSPerfCollectionTools\\vs2019\\;C:\\Program Files (x86)\\Microsoft SDKs\\Windows\\v8.1A\\bin\\NETFX 4.5.1 Tools\\;C:\\Program Files (x86)\\Microsoft Visual Studio\\2019\\Community\\Common7\\Tools\\devinit;C:\\Program Files (x86)\\Windows Kits\\10\\bin\\10.0.19041.0\\x86;C:\\Program Files (x86)\\Windows Kits\\10\\bin\\x86;C:\\Program Files (x86)\\Microsoft Visual Studio\\2019\\Community\\\\MSBuild\\Current\\Bin;C:\\Windows\\Microsoft.NET\\Framework\\v4.0.30319;C:\\Program Files (x86)\\Microsoft Visual Studio\\2019\\Community\\Common7\\IDE\\;C:\\Program Files (x86)\\Microsoft Visual Studio\\2019\\Community\\Common7\\Tools\\;C:\\dev\\ros2_humble\\opt\\yaml_cpp_vendor\\bin;C:\\dev\\ros2_humble\\opt\\rviz_ogre_vendor\\bin;C:\\dev\\ros2_humble\\opt\\rviz_assimp_vendor\\bin;C:\\dev\\ros2_humble\\opt\\libcurl_vendor\\bin;C:\\dev\\ros2_humble\\Scripts;C:\\dev\\ros2_humble\\bin;C:\\Python38\\Scripts;C:\\Python38\\;C:\\ProgramData\\QFS\\QF-Test\\qftestpath;C:\\Program Files\\Common Files\\Oracle\\Java\\javapath;C:\\Program Files (x86)\\Common Files\\Oracle\\Java\\javapath;C:\\Windows\\system32;C:\\Windows;C:\\Windows\\System32\\Wbem;C:\\Windows\\System32\\WindowsPowerShell\\v1.0\\;C:\\Windows\\System32\\OpenSSH\\;C:\\Program Files\\Intel\\WiFi\\bin\\;C:\\Program Files\\Common Files\\Intel\\WirelessCommon\\;C:\\Program Files\\Microsoft VS Code\\bin;C:\\Program Files\\NVIDIA Corporation\\NVIDIA NvDLISR;C:\\Program Files (x86)\\NVIDIA Corporation\\PhysX\\Common;C:\\Program Files\\Git\\cmd;C:\\Program Files\\Microchip\\xc8\\v2.31\\bin;C:\\Program Files\\nodejs\\;C:\\ProgramData\\chocolatey\\bin;C:\\Users\\PC\\Documents\\Aulas\\4ano\\1semestre\\SETR\\avrdude-v7.0-rc1-windows-x64;C:\\Users\\PC\\Documents\\Aulas\\4ano\\1semestre\\SETR\\arduino-cli_0.21.1_Windows_64bit;C:\\Program Files\\CMake\\bin;C:\\Program Files\\rti_connext_dds-5.3.1\\bin;C:\\Program Files\\Graphviz\\bin;C:\\Program Files\\OpenSSL-Win64\\bin;C:\\opencv\\x64\\vc15\\bin;C:\\Users\\PC\\AppData\\Local\\Microsoft\\WindowsApps;C:\\Program Files\\JetBrains\\JetBrains Rider 2021.3.3\\bin;C:\\Program Files\\JetBrains\\CLion 2021.3.3\\bin;C:\\Users\\PC\\AppData\\Roaming\\npm;C:\\Program Files\\heroku\\bin;C:\\Program Files\\JetBrains\\IntelliJ IDEA Community Edition 2022.2.2\\bin;;C:\\Program Files (x86)\\Microsoft Visual Studio\\2019\\Community\\Common7\\IDE\\CommonExtensions\\Microsoft\\CMake\\CMake\\bin;C:\\Program Files (x86)\\Microsoft Visual Studio\\2019\\Community\\Common7\\IDE\\CommonExtensions\\Microsoft\\CMake\\Ninja'), ('PATHEXT', '.COM;.EXE;.BAT;.CMD;.VBS;.VBE;.JS;.JSE;.WSF;.WSH;.MSC;.PY;.PYW'), ('PKG_CONFIG_PATH', 'C:\\dev\\ros2_humble\\lib\\pkgconfig'), ('Platform', 'x64'), ('PROCESSOR_ARCHITECTURE', 'AMD64'), ('PROCESSOR_IDENTIFIER', 'Intel64 Family 6 Model 158 Stepping 10, GenuineIntel'), ('PROCESSOR_LEVEL', '6'), ('PROCESSOR_REVISION', '9e0a'), ('ProgramData', 'C:\\ProgramData'), ('ProgramFiles', 'C:\\Program Files'), ('ProgramFiles(x86)', 'C:\\Program Files (x86)'), ('ProgramW6432', 'C:\\Program Files'), ('PROMPT', '$P$G'), ('PSModulePath', 'C:\\Program Files\\WindowsPowerShell\\Modules;C:\\Windows\\system32\\WindowsPowerShell\\v1.0\\Modules'), ('PUBLIC', 'C:\\Users\\Public'), ('PYTHONPATH', 'C:\\ci\\ws\\install\\lib\\python3.8\\dist-packages;C:\\dev\\ros2_humble\\Lib\\site-packages;C:\\Python38\\'), ('Qt5_DIR', 'C:\\Qt\\Qt5.12.12\\5.12.12\\msvc2017_64'), ('QT_QPA_PLATFORM_PLUGIN_PATH', 'C:\\Qt\\Qt5.12.12\\5.12.12\\msvc2017_64\\plugins\\platforms'), ('ROS_DISTRO', 'humble'), ('ROS_LOCALHOST_ONLY', '0'), ('ROS_PYTHON_VERSION', '3'), ('ROS_VERSION', '2'), ('SystemDrive', 'C:'), ('SystemRoot', 'C:\\Windows'), ('TEMP', 'C:\\Users\\PC\\AppData\\Local\\Temp'), ('TMP', 'C:\\Users\\PC\\AppData\\Local\\Temp'), ('UCRTVersion', '10.0.19041.0'), ('UniversalCRTSdkDir', 'C:\\Program Files (x86)\\Windows Kits\\10\\'), ('USERDOMAIN', 'DESKTOP-S1BRI82'), ('USERDOMAIN_ROAMINGPROFILE', 'DESKTOP-S1BRI82'), ('USERNAME', 'PC'), ('USERPROFILE', 'C:\\Users\\PC'), ('VCIDEInstallDir', 'C:\\Program Files (x86)\\Microsoft Visual Studio\\2019\\Community\\Common7\\IDE\\VC\\'), ('VCINSTALLDIR', 'C:\\Program Files (x86)\\Microsoft Visual Studio\\2019\\Community\\VC\\'), ('VCToolsInstallDir', 'C:\\Program Files (x86)\\Microsoft Visual Studio\\2019\\Community\\VC\\Tools\\MSVC\\14.29.30133\\'), ('VCToolsRedistDir', 'C:\\Program Files (x86)\\Microsoft Visual Studio\\2019\\Community\\VC\\Redist\\MSVC\\14.29.30133\\'), ('VCToolsVersion', '14.29.30133'), ('VisualStudioVersion', '16.0'), ('VS160COMNTOOLS', 'C:\\Program Files (x86)\\Microsoft Visual Studio\\2019\\Community\\Common7\\Tools\\'), ('VSCMD_ARG_app_plat', 'Desktop'), ('VSCMD_ARG_HOST_ARCH', 'x86'), ('VSCMD_ARG_TGT_ARCH', 'x64'), ('VSCMD_VER', '16.11.21'), ('VSINSTALLDIR', 'C:\\Program Files (x86)\\Microsoft Visual Studio\\2019\\Community\\'), ('windir', 'C:\\Windows'), ('WindowsLibPath', 'C:\\Program Files (x86)\\Windows Kits\\10\\UnionMetadata\\10.0.19041.0;C:\\Program Files (x86)\\Windows Kits\\10\\References\\10.0.19041.0'), ('WindowsSdkBinPath', 'C:\\Program Files (x86)\\Windows Kits\\10\\bin\\'), ('WindowsSdkDir', 'C:\\Program Files (x86)\\Windows Kits\\10\\'), ('WindowsSDKLibVersion', '10.0.19041.0\\'), ('WindowsSdkVerBinPath', 'C:\\Program Files (x86)\\Windows Kits\\10\\bin\\10.0.19041.0\\'), ('WindowsSDKVersion', '10.0.19041.0\\'), ('WindowsSDK_ExecutablePath_x64', 'C:\\Program Files (x86)\\Microsoft SDKs\\Windows\\v8.1A\\bin\\NETFX 4.5.1 Tools\\x64\\'), ('WindowsSDK_ExecutablePath_x86', 'C:\\Program Files (x86)\\Microsoft SDKs\\Windows\\v8.1A\\bin\\NETFX 4.5.1 Tools\\'), ('ZES_ENABLE_SYSMAN', '1'), ('__devinit_path', 'C:\\Program Files (x86)\\Microsoft Visual Studio\\2019\\Community\\Common7\\Tools\\devinit\\devinit.exe'), ('__DOTNET_ADD_32BIT', '1'), ('__DOTNET_ADD_64BIT', '1'), ('__DOTNET_PREFERRED_BITNESS', '32'), ('__VSCMD_PREINIT_PATH', 'C:\\dev\\ros2_humble\\opt\\yaml_cpp_vendor\\bin;C:\\dev\\ros2_humble\\opt\\rviz_ogre_vendor\\bin;C:\\dev\\ros2_humble\\opt\\rviz_assimp_vendor\\bin;C:\\dev\\ros2_humble\\opt\\libcurl_vendor\\bin;C:\\dev\\ros2_humble\\Scripts;C:\\dev\\ros2_humble\\bin;C:\\Python38\\Scripts;C:\\Python38\\;C:\\ProgramData\\QFS\\QF-Test\\qftestpath;C:\\Program Files\\Common Files\\Oracle\\Java\\javapath;C:\\Program Files (x86)\\Common Files\\Oracle\\Java\\javapath;C:\\Windows\\system32;C:\\Windows;C:\\Windows\\System32\\Wbem;C:\\Windows\\System32\\WindowsPowerShell\\v1.0\\;C:\\Windows\\System32\\OpenSSH\\;C:\\Program Files\\Intel\\WiFi\\bin\\;C:\\Program Files\\Common Files\\Intel\\WirelessCommon\\;C:\\Program Files\\Microsoft VS Code\\bin;C:\\Program Files\\NVIDIA Corporation\\NVIDIA NvDLISR;C:\\Program Files (x86)\\NVIDIA Corporation\\PhysX\\Common;C:\\Program Files\\Git\\cmd;C:\\Program Files\\Microchip\\xc8\\v2.31\\bin;C:\\Program Files\\nodejs\\;C:\\ProgramData\\chocolatey\\bin;C:\\Users\\PC\\Documents\\Aulas\\4ano\\1semestre\\SETR\\avrdude-v7.0-rc1-windows-x64;C:\\Users\\PC\\Documents\\Aulas\\4ano\\1semestre\\SETR\\arduino-cli_0.21.1_Windows_64bit;C:\\Program Files\\CMake\\bin;C:\\Program Files\\rti_connext_dds-5.3.1\\bin;C:\\Program Files\\Graphviz\\bin;C:\\Program Files\\OpenSSL-Win64\\bin;C:\\opencv\\x64\\vc15\\bin;C:\\Users\\PC\\AppData\\Local\\Microsoft\\WindowsApps;C:\\Program Files\\JetBrains\\JetBrains Rider 2021.3.3\\bin;C:\\Program Files\\JetBrains\\CLion 2021.3.3\\bin;C:\\Users\\PC\\AppData\\Roaming\\npm;C:\\Program Files\\heroku\\bin;C:\\Program Files\\JetBrains\\IntelliJ IDEA Community Edition 2022.2.2\\bin;'), ('__VSCMD_script_err_count', '0')]), 'shell': False}
[0.172000] (flatland_viz) StderrLine: {'line': b'CMake Deprecation Warning at CMakeLists.txt:1 (cmake_minimum_required):\n'}
[0.172000] (flatland_viz) StderrLine: {'line': b'  Compatibility with CMake < 2.8.12 will be removed from a future version of\n'}
[0.172000] (flatland_viz) StderrLine: {'line': b'  CMake.\n'}
[0.172000] (flatland_viz) StderrLine: {'line': b'\n'}
[0.172000] (flatland_viz) StderrLine: {'line': b'  Update the VERSION argument <min> value or use a ...<max> suffix to tell\n'}
[0.172000] (flatland_viz) StderrLine: {'line': b'  CMake that the project does not need compatibility with older versions.\n'}
[0.172000] (flatland_viz) StderrLine: {'line': b'\n'}
[0.172000] (flatland_viz) StderrLine: {'line': b'\n'}
[0.219000] (-) TimerEvent: {}
[0.328000] (-) TimerEvent: {}
[0.437000] (-) TimerEvent: {}
[0.547000] (-) TimerEvent: {}
[0.656000] (-) TimerEvent: {}
[0.766000] (-) TimerEvent: {}
[0.875000] (-) TimerEvent: {}
[0.984000] (-) TimerEvent: {}
[1.047000] (flatland_viz) StdoutLine: {'line': b'-- The C compiler identification is MSVC 19.29.30147.0\n'}
[1.094000] (-) TimerEvent: {}
[1.203000] (-) TimerEvent: {}
[1.312000] (-) TimerEvent: {}
[1.375000] (flatland_viz) StdoutLine: {'line': b'-- The CXX compiler identification is MSVC 19.29.30147.0\n'}
[1.422000] (-) TimerEvent: {}
[1.531000] (flatland_viz) StdoutLine: {'line': b'-- Detecting C compiler ABI info\n'}
[1.531000] (-) TimerEvent: {}
[1.641000] (-) TimerEvent: {}
[1.750000] (-) TimerEvent: {}
[1.859000] (-) TimerEvent: {}
[1.969000] (-) TimerEvent: {}
[2.078000] (-) TimerEvent: {}
[2.187000] (-) TimerEvent: {}
[2.297000] (-) TimerEvent: {}
[2.406000] (-) TimerEvent: {}
[2.437000] (flatland_viz) StdoutLine: {'line': b'-- Detecting C compiler ABI info - done\n'}
[2.437000] (flatland_viz) StdoutLine: {'line': b'-- Check for working C compiler: C:/Program Files (x86)/Microsoft Visual Studio/2019/Community/VC/Tools/MSVC/14.29.30133/bin/Hostx86/x64/cl.exe - skipped\n'}
[2.437000] (flatland_viz) StdoutLine: {'line': b'-- Detecting C compile features\n'}
[2.453000] (flatland_viz) StdoutLine: {'line': b'-- Detecting C compile features - done\n'}
[2.484000] (flatland_viz) StdoutLine: {'line': b'-- Detecting CXX compiler ABI info\n'}
[2.516000] (-) TimerEvent: {}
[2.625000] (-) TimerEvent: {}
[2.734000] (-) TimerEvent: {}
[2.844000] (-) TimerEvent: {}
[2.859000] (flatland_viz) StdoutLine: {'line': b'-- Detecting CXX compiler ABI info - done\n'}
[2.859000] (flatland_viz) StdoutLine: {'line': b'-- Check for working CXX compiler: C:/Program Files (x86)/Microsoft Visual Studio/2019/Community/VC/Tools/MSVC/14.29.30133/bin/Hostx86/x64/cl.exe - skipped\n'}
[2.859000] (flatland_viz) StdoutLine: {'line': b'-- Detecting CXX compile features\n'}
[2.875000] (flatland_viz) StdoutLine: {'line': b'-- Detecting CXX compile features - done\n'}
[2.891000] (flatland_viz) StderrLine: {'line': b'CMake Error at CMakeLists.txt:10 (if):\n'}
[2.891000] (flatland_viz) StderrLine: {'line': b'  if given arguments:\n'}
[2.891000] (flatland_viz) StderrLine: {'line': b'\n'}
[2.891000] (flatland_viz) StderrLine: {'line': b'    "STREQUAL" "14.04"\n'}
[2.891000] (flatland_viz) StderrLine: {'line': b'\n'}
[2.891000] (flatland_viz) StderrLine: {'line': b'  Unknown arguments specified\n'}
[2.891000] (flatland_viz) StderrLine: {'line': b'\n'}
[2.891000] (flatland_viz) StderrLine: {'line': b'\n'}
[2.891000] (flatland_viz) StdoutLine: {'line': b'-- Configuring incomplete, errors occurred!\n'}
[2.891000] (flatland_viz) StdoutLine: {'line': b'See also "C:/Users/PC/Documents/Aulas/5ano/1semestre/RI/flatland/flatland_viz/build/flatland_viz/CMakeFiles/CMakeOutput.log".\n'}
[2.906000] (flatland_viz) CommandEnded: {'returncode': 1}
[2.953000] (-) TimerEvent: {}
[2.969000] (flatland_viz) JobEnded: {'identifier': 'flatland_viz', 'rc': 1}
[2.984000] (-) EventReactorShutdown: {}
